2022-01-25 11:11:43.367  INFO 18412 --- [restartedMain] c.a.p.a.a.PhotoAppApiAlbumsApplication   : No active profile set, falling back to default profiles: default
2022-01-25 11:11:45.223  WARN 18412 --- [restartedMain] o.s.boot.actuate.endpoint.EndpointId     : Endpoint ID 'service-registry' contains invalid characters, please migrate to a valid format.
2022-01-25 11:11:45.542  INFO 18412 --- [restartedMain] o.s.cloud.context.scope.GenericScope     : BeanFactory id=fce5687c-8caa-3de7-86f9-d6b89e9c58f8
2022-01-25 11:11:45.708  INFO 18412 --- [restartedMain] trationDelegate$BeanPostProcessorChecker : Bean 'org.springframework.cloud.autoconfigure.ConfigurationPropertiesRebinderAutoConfiguration' of type [org.springframework.cloud.autoconfigure.ConfigurationPropertiesRebinderAutoConfiguration$$EnhancerBySpringCGLIB$$7ea04a7b] is not eligible for getting processed by all BeanPostProcessors (for example: not eligible for auto-proxying)
2022-01-25 11:11:47.042  INFO 18412 --- [restartedMain] o.s.b.w.embedded.tomcat.TomcatWebServer  : Tomcat initialized with port(s): 0 (http)
2022-01-25 11:11:47.116  INFO 18412 --- [restartedMain] o.apache.catalina.core.StandardService   : Starting service [Tomcat]
2022-01-25 11:11:47.117  INFO 18412 --- [restartedMain] org.apache.catalina.core.StandardEngine  : Starting Servlet engine: [Apache Tomcat/9.0.14]
2022-01-25 11:11:47.135  INFO 18412 --- [restartedMain] o.a.catalina.core.AprLifecycleListener   : The APR based Apache Tomcat Native library which allows optimal performance in production environments was not found on the java.library.path: [C:\Users\nouressaleh\OneDrive - FUJITSU\Saleh\Bin\jdk1.8.0_101\bin;C:\Windows\Sun\Java\bin;C:\Windows\system32;C:\Windows;C:\oraclexe\app\oracle\product\11.2.0\server\bin;C:\Windows\CCM\;C:\Windows\system32;C:\Windows;C:\Windows\System32\Wbem;C:\Windows\System32\WindowsPowerShell\v1.0\;C:\Windows\System32\OpenSSH\;C:\Windows\system32\config\systemprofile\AppData\Local\Microsoft\WindowsApps;C:\Program Files (x86)\Adaptiva\AdaptivaClient\bin\x32;C:\Program Files (x86)\Adaptiva\AdaptivaClient\bin\x64;C:\Program Files\Git\cmd;C:\Users\nouressaleh\OneDrive - FUJITSU\Saleh\Bin\apache-ant-1.7.1\bin;C:\Program Files\nodejs\;C:\Program Files (x86)\Symantec\VIP Access Client\;C:\ProgramData\chocolatey\bin;C:\Users\nouressaleh\AppData\Local\Microsoft\WindowsApps;;C:\Users\nouressaleh\AppData\Local\Programs\Microsoft VS Code\bin;C:\Users\nouressaleh\AppData\Roaming\npm;.]
2022-01-25 11:11:47.659  INFO 18412 --- [restartedMain] o.a.c.c.C.[Tomcat].[localhost].[/]       : Initializing Spring embedded WebApplicationContext
2022-01-25 11:11:47.660  INFO 18412 --- [restartedMain] o.s.web.context.ContextLoader            : Root WebApplicationContext: initialization completed in 4261 ms
2022-01-25 11:11:48.400  WARN 18412 --- [restartedMain] c.n.c.sources.URLConfigurationSource     : No URLs will be polled as dynamic configuration sources.
2022-01-25 11:11:48.400  INFO 18412 --- [restartedMain] c.n.c.sources.URLConfigurationSource     : To enable URLs as dynamic configuration sources, define System property archaius.configurationSource.additionalUrls or make config.properties available on classpath.
2022-01-25 11:11:48.424  INFO 18412 --- [restartedMain] c.netflix.config.DynamicPropertyFactory  : DynamicPropertyFactory is initialized with configuration sources: com.netflix.config.ConcurrentCompositeConfiguration@3250daa9
2022-01-25 11:11:52.965  INFO 18412 --- [restartedMain] o.s.cloud.commons.util.InetUtils         : Cannot determine local hostname
2022-01-25 11:11:53.414  WARN 18412 --- [restartedMain] c.n.c.sources.URLConfigurationSource     : No URLs will be polled as dynamic configuration sources.
2022-01-25 11:11:53.415  INFO 18412 --- [restartedMain] c.n.c.sources.URLConfigurationSource     : To enable URLs as dynamic configuration sources, define System property archaius.configurationSource.additionalUrls or make config.properties available on classpath.
2022-01-25 11:11:53.819  INFO 18412 --- [restartedMain] o.s.s.concurrent.ThreadPoolTaskExecutor  : Initializing ExecutorService 'applicationTaskExecutor'
2022-01-25 11:11:54.510  WARN 18412 --- [restartedMain] o.s.b.d.a.OptionalLiveReloadServer       : Unable to start LiveReload server
2022-01-25 11:11:56.931  INFO 18412 --- [restartedMain] o.s.cloud.commons.util.InetUtils         : Cannot determine local hostname
2022-01-25 11:11:57.607  INFO 18412 --- [restartedMain] o.s.b.a.e.web.EndpointLinksResolver      : Exposing 2 endpoint(s) beneath base path '/actuator'
2022-01-25 11:11:58.361  INFO 18412 --- [restartedMain] o.s.b.w.embedded.tomcat.TomcatWebServer  : Tomcat started on port(s): 56728 (http) with context path ''
2022-01-25 11:11:58.364  INFO 18412 --- [restartedMain] .s.c.n.e.s.EurekaAutoServiceRegistration : Updating port to 56728
2022-01-25 11:11:58.464  INFO 18412 --- [restartedMain] o.s.c.n.eureka.InstanceInfoFactory       : Setting initial instance status as: STARTING
2022-01-25 11:11:58.565  INFO 18412 --- [restartedMain] com.netflix.discovery.DiscoveryClient    : Initializing Eureka in region us-east-1
2022-01-25 11:11:58.930  INFO 18412 --- [restartedMain] c.n.d.provider.DiscoveryJerseyProvider   : Using JSON encoding codec LegacyJacksonJson
2022-01-25 11:11:58.931  INFO 18412 --- [restartedMain] c.n.d.provider.DiscoveryJerseyProvider   : Using JSON decoding codec LegacyJacksonJson
2022-01-25 11:11:59.286  INFO 18412 --- [restartedMain] c.n.d.provider.DiscoveryJerseyProvider   : Using XML encoding codec XStreamXml
2022-01-25 11:11:59.286  INFO 18412 --- [restartedMain] c.n.d.provider.DiscoveryJerseyProvider   : Using XML decoding codec XStreamXml
2022-01-25 11:12:00.038  INFO 18412 --- [restartedMain] c.n.d.s.r.aws.ConfigClusterResolver      : Resolving eureka endpoints via configuration
2022-01-25 11:12:02.019  INFO 18412 --- [restartedMain] com.netflix.discovery.DiscoveryClient    : Disable delta property : false
2022-01-25 11:12:02.020  INFO 18412 --- [restartedMain] com.netflix.discovery.DiscoveryClient    : Single vip registry refresh property : null
2022-01-25 11:12:02.022  INFO 18412 --- [restartedMain] com.netflix.discovery.DiscoveryClient    : Force full registry fetch : false
2022-01-25 11:12:02.022  INFO 18412 --- [restartedMain] com.netflix.discovery.DiscoveryClient    : Application is null : false
2022-01-25 11:12:02.023  INFO 18412 --- [restartedMain] com.netflix.discovery.DiscoveryClient    : Registered Applications size is zero : true
2022-01-25 11:12:02.025  INFO 18412 --- [restartedMain] com.netflix.discovery.DiscoveryClient    : Application version is -1: true
2022-01-25 11:12:02.026  INFO 18412 --- [restartedMain] com.netflix.discovery.DiscoveryClient    : Getting all instance registry info from the eureka server
2022-01-25 11:12:02.501  INFO 18412 --- [restartedMain] com.netflix.discovery.DiscoveryClient    : The response status is 200
2022-01-25 11:12:02.505  INFO 18412 --- [restartedMain] com.netflix.discovery.DiscoveryClient    : Starting heartbeat executor: renew interval is: 30
2022-01-25 11:12:02.509  INFO 18412 --- [restartedMain] c.n.discovery.InstanceInfoReplicator     : InstanceInfoReplicator onDemand update allowed rate per min is 4
2022-01-25 11:12:02.516  INFO 18412 --- [restartedMain] com.netflix.discovery.DiscoveryClient    : Discovery Client initialized at timestamp 1643069522513 with initial instances count: 0
2022-01-25 11:12:02.518  INFO 18412 --- [restartedMain] o.s.c.n.e.s.EurekaServiceRegistry        : Registering application ALBUMS-WS with eureka with status UP
2022-01-25 11:12:02.520  INFO 18412 --- [restartedMain] com.netflix.discovery.DiscoveryClient    : Saw local status change event StatusChangeEvent [timestamp=1643069522520, current=UP, previous=STARTING]
2022-01-25 11:12:02.523  INFO 18412 --- [DiscoveryClient-InstanceInfoReplicator-0] com.netflix.discovery.DiscoveryClient    : DiscoveryClient_ALBUMS-WS/albums-ws:99fe722dab7b7950d84a10d96b57653e: registering service...
2022-01-25 11:12:02.529  INFO 18412 --- [restartedMain] c.a.p.a.a.PhotoAppApiAlbumsApplication   : Started PhotoAppApiAlbumsApplication in 24.581 seconds (JVM running for 27.671)
2022-01-25 11:12:02.651  INFO 18412 --- [DiscoveryClient-InstanceInfoReplicator-0] com.netflix.discovery.DiscoveryClient    : DiscoveryClient_ALBUMS-WS/albums-ws:99fe722dab7b7950d84a10d96b57653e - registration status: 204
2022-01-25 11:12:04.043  INFO 18412 --- [RMI TCP Connection(11)-10.45.86.255] o.a.c.c.C.[Tomcat].[localhost].[/]       : Initializing Spring DispatcherServlet 'dispatcherServlet'
2022-01-25 11:12:04.044  INFO 18412 --- [RMI TCP Connection(11)-10.45.86.255] o.s.web.servlet.DispatcherServlet        : Initializing Servlet 'dispatcherServlet'
2022-01-25 11:12:04.058  INFO 18412 --- [RMI TCP Connection(11)-10.45.86.255] o.s.web.servlet.DispatcherServlet        : Completed initialization in 14 ms
2022-01-25 11:12:32.507  INFO 18412 --- [DiscoveryClient-CacheRefreshExecutor-0] com.netflix.discovery.DiscoveryClient    : Disable delta property : false
2022-01-25 11:12:32.508  INFO 18412 --- [DiscoveryClient-CacheRefreshExecutor-0] com.netflix.discovery.DiscoveryClient    : Single vip registry refresh property : null
2022-01-25 11:12:32.508  INFO 18412 --- [DiscoveryClient-CacheRefreshExecutor-0] com.netflix.discovery.DiscoveryClient    : Force full registry fetch : false
2022-01-25 11:12:32.509  INFO 18412 --- [DiscoveryClient-CacheRefreshExecutor-0] com.netflix.discovery.DiscoveryClient    : Application is null : false
2022-01-25 11:12:32.509  INFO 18412 --- [DiscoveryClient-CacheRefreshExecutor-0] com.netflix.discovery.DiscoveryClient    : Registered Applications size is zero : true
2022-01-25 11:12:32.509  INFO 18412 --- [DiscoveryClient-CacheRefreshExecutor-0] com.netflix.discovery.DiscoveryClient    : Application version is -1: false
2022-01-25 11:12:32.509  INFO 18412 --- [DiscoveryClient-CacheRefreshExecutor-0] com.netflix.discovery.DiscoveryClient    : Getting all instance registry info from the eureka server
2022-01-25 11:12:32.580  INFO 18412 --- [DiscoveryClient-CacheRefreshExecutor-0] com.netflix.discovery.DiscoveryClient    : The response status is 200
2022-01-25 11:17:02.056  INFO 18412 --- [AsyncResolver-bootstrap-executor-0] c.n.d.s.r.aws.ConfigClusterResolver      : Resolving eureka endpoints via configuration
2022-01-25 11:21:14.267  INFO 18412 --- [Thread-41] o.s.c.n.e.s.EurekaServiceRegistry        : Unregistering application ALBUMS-WS with eureka with status DOWN
2022-01-25 11:21:14.272  WARN 18412 --- [Thread-41] com.netflix.discovery.DiscoveryClient    : Saw local status change event StatusChangeEvent [timestamp=1643070074272, current=DOWN, previous=UP]
2022-01-25 11:21:14.275  INFO 18412 --- [DiscoveryClient-InstanceInfoReplicator-0] com.netflix.discovery.DiscoveryClient    : DiscoveryClient_ALBUMS-WS/albums-ws:99fe722dab7b7950d84a10d96b57653e: registering service...
2022-01-25 11:21:14.302  INFO 18412 --- [DiscoveryClient-InstanceInfoReplicator-0] com.netflix.discovery.DiscoveryClient    : DiscoveryClient_ALBUMS-WS/albums-ws:99fe722dab7b7950d84a10d96b57653e - registration status: 204
2022-01-25 11:21:14.376  INFO 18412 --- [Thread-41] o.s.s.concurrent.ThreadPoolTaskExecutor  : Shutting down ExecutorService 'applicationTaskExecutor'
2022-01-25 11:21:14.415  INFO 18412 --- [Thread-41] com.netflix.discovery.DiscoveryClient    : Shutting down DiscoveryClient ...
2022-01-25 12:01:08.576  INFO 22632 --- [restartedMain] c.a.p.a.a.PhotoAppApiAlbumsApplication   : No active profile set, falling back to default profiles: default
2022-01-25 12:01:10.624  WARN 22632 --- [restartedMain] o.s.boot.actuate.endpoint.EndpointId     : Endpoint ID 'service-registry' contains invalid characters, please migrate to a valid format.
2022-01-25 12:01:10.944  INFO 22632 --- [restartedMain] o.s.cloud.context.scope.GenericScope     : BeanFactory id=fce5687c-8caa-3de7-86f9-d6b89e9c58f8
2022-01-25 12:01:11.089  INFO 22632 --- [restartedMain] trationDelegate$BeanPostProcessorChecker : Bean 'org.springframework.cloud.autoconfigure.ConfigurationPropertiesRebinderAutoConfiguration' of type [org.springframework.cloud.autoconfigure.ConfigurationPropertiesRebinderAutoConfiguration$$EnhancerBySpringCGLIB$$ac92d383] is not eligible for getting processed by all BeanPostProcessors (for example: not eligible for auto-proxying)
2022-01-25 12:01:12.026  INFO 22632 --- [restartedMain] o.s.b.w.embedded.tomcat.TomcatWebServer  : Tomcat initialized with port(s): 0 (http)
2022-01-25 12:01:12.068  INFO 22632 --- [restartedMain] o.apache.catalina.core.StandardService   : Starting service [Tomcat]
2022-01-25 12:01:12.069  INFO 22632 --- [restartedMain] org.apache.catalina.core.StandardEngine  : Starting Servlet engine: [Apache Tomcat/9.0.14]
2022-01-25 12:01:12.082  INFO 22632 --- [restartedMain] o.a.catalina.core.AprLifecycleListener   : The APR based Apache Tomcat Native library which allows optimal performance in production environments was not found on the java.library.path: [C:\Users\nouressaleh\OneDrive - FUJITSU\Saleh\Bin\jdk1.8.0_101\bin;C:\Windows\Sun\Java\bin;C:\Windows\system32;C:\Windows;C:\oraclexe\app\oracle\product\11.2.0\server\bin;C:\Windows\CCM\;C:\Windows\system32;C:\Windows;C:\Windows\System32\Wbem;C:\Windows\System32\WindowsPowerShell\v1.0\;C:\Windows\System32\OpenSSH\;C:\Windows\system32\config\systemprofile\AppData\Local\Microsoft\WindowsApps;C:\Program Files (x86)\Adaptiva\AdaptivaClient\bin\x32;C:\Program Files (x86)\Adaptiva\AdaptivaClient\bin\x64;C:\Program Files\Git\cmd;C:\Users\nouressaleh\OneDrive - FUJITSU\Saleh\Bin\apache-ant-1.7.1\bin;C:\Program Files\nodejs\;C:\Program Files (x86)\Symantec\VIP Access Client\;C:\ProgramData\chocolatey\bin;C:\Users\nouressaleh\AppData\Local\Microsoft\WindowsApps;;C:\Users\nouressaleh\AppData\Local\Programs\Microsoft VS Code\bin;C:\Users\nouressaleh\AppData\Roaming\npm;.]
2022-01-25 12:01:12.357  INFO 22632 --- [restartedMain] o.a.c.c.C.[Tomcat].[localhost].[/]       : Initializing Spring embedded WebApplicationContext
2022-01-25 12:01:12.358  INFO 22632 --- [restartedMain] o.s.web.context.ContextLoader            : Root WebApplicationContext: initialization completed in 3740 ms
2022-01-25 12:01:12.782  WARN 22632 --- [restartedMain] c.n.c.sources.URLConfigurationSource     : No URLs will be polled as dynamic configuration sources.
2022-01-25 12:01:12.783  INFO 22632 --- [restartedMain] c.n.c.sources.URLConfigurationSource     : To enable URLs as dynamic configuration sources, define System property archaius.configurationSource.additionalUrls or make config.properties available on classpath.
2022-01-25 12:01:12.807  INFO 22632 --- [restartedMain] c.netflix.config.DynamicPropertyFactory  : DynamicPropertyFactory is initialized with configuration sources: com.netflix.config.ConcurrentCompositeConfiguration@5ae68594
2022-01-25 12:01:16.849  INFO 22632 --- [restartedMain] o.s.cloud.commons.util.InetUtils         : Cannot determine local hostname
2022-01-25 12:01:17.271  WARN 22632 --- [restartedMain] c.n.c.sources.URLConfigurationSource     : No URLs will be polled as dynamic configuration sources.
2022-01-25 12:01:17.272  INFO 22632 --- [restartedMain] c.n.c.sources.URLConfigurationSource     : To enable URLs as dynamic configuration sources, define System property archaius.configurationSource.additionalUrls or make config.properties available on classpath.
2022-01-25 12:01:17.687  INFO 22632 --- [restartedMain] o.s.s.concurrent.ThreadPoolTaskExecutor  : Initializing ExecutorService 'applicationTaskExecutor'
2022-01-25 12:01:18.648  WARN 22632 --- [restartedMain] o.s.b.d.a.OptionalLiveReloadServer       : Unable to start LiveReload server
2022-01-25 12:01:21.359  INFO 22632 --- [restartedMain] o.s.cloud.commons.util.InetUtils         : Cannot determine local hostname
2022-01-25 12:01:21.442  INFO 22632 --- [restartedMain] o.s.b.a.e.web.EndpointLinksResolver      : Exposing 2 endpoint(s) beneath base path '/actuator'
2022-01-25 12:01:21.645  INFO 22632 --- [restartedMain] o.s.b.w.embedded.tomcat.TomcatWebServer  : Tomcat started on port(s): 53311 (http) with context path ''
2022-01-25 12:01:21.646  INFO 22632 --- [restartedMain] .s.c.n.e.s.EurekaAutoServiceRegistration : Updating port to 53311
2022-01-25 12:01:21.655  INFO 22632 --- [restartedMain] o.s.c.n.eureka.InstanceInfoFactory       : Setting initial instance status as: STARTING
2022-01-25 12:01:21.715  INFO 22632 --- [restartedMain] com.netflix.discovery.DiscoveryClient    : Initializing Eureka in region us-east-1
2022-01-25 12:01:21.908  INFO 22632 --- [restartedMain] c.n.d.provider.DiscoveryJerseyProvider   : Using JSON encoding codec LegacyJacksonJson
2022-01-25 12:01:21.908  INFO 22632 --- [restartedMain] c.n.d.provider.DiscoveryJerseyProvider   : Using JSON decoding codec LegacyJacksonJson
2022-01-25 12:01:22.092  INFO 22632 --- [restartedMain] c.n.d.provider.DiscoveryJerseyProvider   : Using XML encoding codec XStreamXml
2022-01-25 12:01:22.093  INFO 22632 --- [restartedMain] c.n.d.provider.DiscoveryJerseyProvider   : Using XML decoding codec XStreamXml
2022-01-25 12:01:22.338  INFO 22632 --- [restartedMain] c.n.d.s.r.aws.ConfigClusterResolver      : Resolving eureka endpoints via configuration
2022-01-25 12:01:22.766  INFO 22632 --- [restartedMain] com.netflix.discovery.DiscoveryClient    : Disable delta property : false
2022-01-25 12:01:22.766  INFO 22632 --- [restartedMain] com.netflix.discovery.DiscoveryClient    : Single vip registry refresh property : null
2022-01-25 12:01:22.766  INFO 22632 --- [restartedMain] com.netflix.discovery.DiscoveryClient    : Force full registry fetch : false
2022-01-25 12:01:22.766  INFO 22632 --- [restartedMain] com.netflix.discovery.DiscoveryClient    : Application is null : false
2022-01-25 12:01:22.766  INFO 22632 --- [restartedMain] com.netflix.discovery.DiscoveryClient    : Registered Applications size is zero : true
2022-01-25 12:01:22.766  INFO 22632 --- [restartedMain] com.netflix.discovery.DiscoveryClient    : Application version is -1: true
2022-01-25 12:01:22.766  INFO 22632 --- [restartedMain] com.netflix.discovery.DiscoveryClient    : Getting all instance registry info from the eureka server
2022-01-25 12:01:22.926  INFO 22632 --- [restartedMain] com.netflix.discovery.DiscoveryClient    : The response status is 200
2022-01-25 12:01:22.930  INFO 22632 --- [restartedMain] com.netflix.discovery.DiscoveryClient    : Starting heartbeat executor: renew interval is: 30
2022-01-25 12:01:22.933  INFO 22632 --- [restartedMain] c.n.discovery.InstanceInfoReplicator     : InstanceInfoReplicator onDemand update allowed rate per min is 4
2022-01-25 12:01:22.939  INFO 22632 --- [restartedMain] com.netflix.discovery.DiscoveryClient    : Discovery Client initialized at timestamp 1643072482937 with initial instances count: 0
2022-01-25 12:01:22.940  INFO 22632 --- [restartedMain] o.s.c.n.e.s.EurekaServiceRegistry        : Registering application ALBUMS-WS with eureka with status UP
2022-01-25 12:01:22.941  INFO 22632 --- [restartedMain] com.netflix.discovery.DiscoveryClient    : Saw local status change event StatusChangeEvent [timestamp=1643072482941, current=UP, previous=STARTING]
2022-01-25 12:01:22.944  INFO 22632 --- [DiscoveryClient-InstanceInfoReplicator-0] com.netflix.discovery.DiscoveryClient    : DiscoveryClient_ALBUMS-WS/albums-ws:1b343874ec5de035fe602beeb814eeae: registering service...
2022-01-25 12:01:22.949  INFO 22632 --- [restartedMain] c.a.p.a.a.PhotoAppApiAlbumsApplication   : Started PhotoAppApiAlbumsApplication in 20.687 seconds (JVM running for 24.083)
2022-01-25 12:01:23.030  INFO 22632 --- [DiscoveryClient-InstanceInfoReplicator-0] com.netflix.discovery.DiscoveryClient    : DiscoveryClient_ALBUMS-WS/albums-ws:1b343874ec5de035fe602beeb814eeae - registration status: 204
2022-01-25 12:01:23.642  INFO 22632 --- [RMI TCP Connection(9)-10.45.86.255] o.a.c.c.C.[Tomcat].[localhost].[/]       : Initializing Spring DispatcherServlet 'dispatcherServlet'
2022-01-25 12:01:23.642  INFO 22632 --- [RMI TCP Connection(9)-10.45.86.255] o.s.web.servlet.DispatcherServlet        : Initializing Servlet 'dispatcherServlet'
2022-01-25 12:01:23.657  INFO 22632 --- [RMI TCP Connection(9)-10.45.86.255] o.s.web.servlet.DispatcherServlet        : Completed initialization in 15 ms
2022-01-25 12:01:52.952  INFO 22632 --- [DiscoveryClient-CacheRefreshExecutor-0] com.netflix.discovery.DiscoveryClient    : Disable delta property : false
2022-01-25 12:01:52.953  INFO 22632 --- [DiscoveryClient-CacheRefreshExecutor-0] com.netflix.discovery.DiscoveryClient    : Single vip registry refresh property : null
2022-01-25 12:01:52.954  INFO 22632 --- [DiscoveryClient-CacheRefreshExecutor-0] com.netflix.discovery.DiscoveryClient    : Force full registry fetch : false
2022-01-25 12:01:52.954  INFO 22632 --- [DiscoveryClient-CacheRefreshExecutor-0] com.netflix.discovery.DiscoveryClient    : Application is null : false
2022-01-25 12:01:52.955  INFO 22632 --- [DiscoveryClient-CacheRefreshExecutor-0] com.netflix.discovery.DiscoveryClient    : Registered Applications size is zero : true
2022-01-25 12:01:52.955  INFO 22632 --- [DiscoveryClient-CacheRefreshExecutor-0] com.netflix.discovery.DiscoveryClient    : Application version is -1: false
2022-01-25 12:01:52.955  INFO 22632 --- [DiscoveryClient-CacheRefreshExecutor-0] com.netflix.discovery.DiscoveryClient    : Getting all instance registry info from the eureka server
2022-01-25 12:01:53.024  INFO 22632 --- [DiscoveryClient-CacheRefreshExecutor-0] com.netflix.discovery.DiscoveryClient    : The response status is 200
2022-01-25 12:06:22.797  INFO 22632 --- [AsyncResolver-bootstrap-executor-0] c.n.d.s.r.aws.ConfigClusterResolver      : Resolving eureka endpoints via configuration
2022-01-25 12:11:22.815  INFO 22632 --- [AsyncResolver-bootstrap-executor-0] c.n.d.s.r.aws.ConfigClusterResolver      : Resolving eureka endpoints via configuration
2022-01-25 12:11:58.015  INFO 22632 --- [Thread-37] o.s.c.n.e.s.EurekaServiceRegistry        : Unregistering application ALBUMS-WS with eureka with status DOWN
2022-01-25 12:11:58.017  WARN 22632 --- [Thread-37] com.netflix.discovery.DiscoveryClient    : Saw local status change event StatusChangeEvent [timestamp=1643073118017, current=DOWN, previous=UP]
2022-01-25 12:11:58.019  INFO 22632 --- [DiscoveryClient-InstanceInfoReplicator-0] com.netflix.discovery.DiscoveryClient    : DiscoveryClient_ALBUMS-WS/albums-ws:1b343874ec5de035fe602beeb814eeae: registering service...
2022-01-25 12:11:58.045  INFO 22632 --- [DiscoveryClient-InstanceInfoReplicator-0] com.netflix.discovery.DiscoveryClient    : DiscoveryClient_ALBUMS-WS/albums-ws:1b343874ec5de035fe602beeb814eeae - registration status: 204
2022-01-25 12:11:58.116  INFO 22632 --- [Thread-37] o.s.s.concurrent.ThreadPoolTaskExecutor  : Shutting down ExecutorService 'applicationTaskExecutor'
2022-01-25 12:11:58.154  INFO 22632 --- [Thread-37] com.netflix.discovery.DiscoveryClient    : Shutting down DiscoveryClient ...
2022-01-25 12:12:01.159  INFO 22632 --- [Thread-37] com.netflix.discovery.DiscoveryClient    : Unregistering ...
2022-01-25 12:12:01.181  INFO 22632 --- [Thread-37] com.netflix.discovery.DiscoveryClient    : DiscoveryClient_ALBUMS-WS/albums-ws:1b343874ec5de035fe602beeb814eeae - deregister  status: 200
2022-01-25 12:12:01.302  INFO 22632 --- [Thread-37] com.netflix.discovery.DiscoveryClient    : Completed shut down of DiscoveryClient
2022-01-25 13:53:56.658  INFO 9588 --- [restartedMain] c.a.p.a.a.PhotoAppApiAlbumsApplication   : No active profile set, falling back to default profiles: default
2022-01-25 13:53:58.321  WARN 9588 --- [restartedMain] o.s.boot.actuate.endpoint.EndpointId     : Endpoint ID 'service-registry' contains invalid characters, please migrate to a valid format.
2022-01-25 13:53:58.702  INFO 9588 --- [restartedMain] o.s.cloud.context.scope.GenericScope     : BeanFactory id=fce5687c-8caa-3de7-86f9-d6b89e9c58f8
2022-01-25 13:53:58.866  INFO 9588 --- [restartedMain] trationDelegate$BeanPostProcessorChecker : Bean 'org.springframework.cloud.autoconfigure.ConfigurationPropertiesRebinderAutoConfiguration' of type [org.springframework.cloud.autoconfigure.ConfigurationPropertiesRebinderAutoConfiguration$$EnhancerBySpringCGLIB$$233bd2dd] is not eligible for getting processed by all BeanPostProcessors (for example: not eligible for auto-proxying)
2022-01-25 13:53:59.814  INFO 9588 --- [restartedMain] o.s.b.w.embedded.tomcat.TomcatWebServer  : Tomcat initialized with port(s): 0 (http)
2022-01-25 13:53:59.854  INFO 9588 --- [restartedMain] o.apache.catalina.core.StandardService   : Starting service [Tomcat]
2022-01-25 13:53:59.854  INFO 9588 --- [restartedMain] org.apache.catalina.core.StandardEngine  : Starting Servlet engine: [Apache Tomcat/9.0.14]
2022-01-25 13:53:59.862  INFO 9588 --- [restartedMain] o.a.catalina.core.AprLifecycleListener   : The APR based Apache Tomcat Native library which allows optimal performance in production environments was not found on the java.library.path: [C:\Users\nouressaleh\OneDrive - FUJITSU\Saleh\Bin\jdk1.8.0_101\bin;C:\Windows\Sun\Java\bin;C:\Windows\system32;C:\Windows;C:\oraclexe\app\oracle\product\11.2.0\server\bin;C:\Windows\CCM\;C:\Windows\system32;C:\Windows;C:\Windows\System32\Wbem;C:\Windows\System32\WindowsPowerShell\v1.0\;C:\Windows\System32\OpenSSH\;C:\Windows\system32\config\systemprofile\AppData\Local\Microsoft\WindowsApps;C:\Program Files (x86)\Adaptiva\AdaptivaClient\bin\x32;C:\Program Files (x86)\Adaptiva\AdaptivaClient\bin\x64;C:\Program Files\Git\cmd;C:\Users\nouressaleh\OneDrive - FUJITSU\Saleh\Bin\apache-ant-1.7.1\bin;C:\Program Files\nodejs\;C:\Program Files (x86)\Symantec\VIP Access Client\;C:\ProgramData\chocolatey\bin;C:\Users\nouressaleh\AppData\Local\Microsoft\WindowsApps;;C:\Users\nouressaleh\AppData\Local\Programs\Microsoft VS Code\bin;C:\Users\nouressaleh\AppData\Roaming\npm;.]
2022-01-25 13:54:00.086  INFO 9588 --- [restartedMain] o.a.c.c.C.[Tomcat].[localhost].[/]       : Initializing Spring embedded WebApplicationContext
2022-01-25 13:54:00.086  INFO 9588 --- [restartedMain] o.s.web.context.ContextLoader            : Root WebApplicationContext: initialization completed in 3398 ms
2022-01-25 13:54:00.281  WARN 9588 --- [restartedMain] c.n.c.sources.URLConfigurationSource     : No URLs will be polled as dynamic configuration sources.
2022-01-25 13:54:00.281  INFO 9588 --- [restartedMain] c.n.c.sources.URLConfigurationSource     : To enable URLs as dynamic configuration sources, define System property archaius.configurationSource.additionalUrls or make config.properties available on classpath.
2022-01-25 13:54:00.297  INFO 9588 --- [restartedMain] c.netflix.config.DynamicPropertyFactory  : DynamicPropertyFactory is initialized with configuration sources: com.netflix.config.ConcurrentCompositeConfiguration@193f8609
2022-01-25 13:54:01.816  WARN 9588 --- [restartedMain] c.n.c.sources.URLConfigurationSource     : No URLs will be polled as dynamic configuration sources.
2022-01-25 13:54:01.816  INFO 9588 --- [restartedMain] c.n.c.sources.URLConfigurationSource     : To enable URLs as dynamic configuration sources, define System property archaius.configurationSource.additionalUrls or make config.properties available on classpath.
2022-01-25 13:54:02.171  INFO 9588 --- [restartedMain] o.s.s.concurrent.ThreadPoolTaskExecutor  : Initializing ExecutorService 'applicationTaskExecutor'
2022-01-25 13:54:02.707  INFO 9588 --- [restartedMain] o.s.b.d.a.OptionalLiveReloadServer       : LiveReload server is running on port 35729
2022-01-25 13:54:03.390  INFO 9588 --- [restartedMain] o.s.b.a.e.web.EndpointLinksResolver      : Exposing 2 endpoint(s) beneath base path '/actuator'
2022-01-25 13:54:03.864  INFO 9588 --- [restartedMain] o.s.b.w.embedded.tomcat.TomcatWebServer  : Tomcat started on port(s): 64114 (http) with context path ''
2022-01-25 13:54:03.879  INFO 9588 --- [restartedMain] .s.c.n.e.s.EurekaAutoServiceRegistration : Updating port to 64114
2022-01-25 13:54:03.879  INFO 9588 --- [restartedMain] o.s.c.n.eureka.InstanceInfoFactory       : Setting initial instance status as: STARTING
2022-01-25 13:54:03.964  INFO 9588 --- [restartedMain] com.netflix.discovery.DiscoveryClient    : Initializing Eureka in region us-east-1
2022-01-25 13:54:04.227  INFO 9588 --- [restartedMain] c.n.d.provider.DiscoveryJerseyProvider   : Using JSON encoding codec LegacyJacksonJson
2022-01-25 13:54:04.227  INFO 9588 --- [restartedMain] c.n.d.provider.DiscoveryJerseyProvider   : Using JSON decoding codec LegacyJacksonJson
2022-01-25 13:54:04.512  INFO 9588 --- [restartedMain] c.n.d.provider.DiscoveryJerseyProvider   : Using XML encoding codec XStreamXml
2022-01-25 13:54:04.512  INFO 9588 --- [restartedMain] c.n.d.provider.DiscoveryJerseyProvider   : Using XML decoding codec XStreamXml
2022-01-25 13:54:04.828  INFO 9588 --- [restartedMain] c.n.d.s.r.aws.ConfigClusterResolver      : Resolving eureka endpoints via configuration
2022-01-25 13:54:05.267  INFO 9588 --- [restartedMain] com.netflix.discovery.DiscoveryClient    : Disable delta property : false
2022-01-25 13:54:05.267  INFO 9588 --- [restartedMain] com.netflix.discovery.DiscoveryClient    : Single vip registry refresh property : null
2022-01-25 13:54:05.267  INFO 9588 --- [restartedMain] com.netflix.discovery.DiscoveryClient    : Force full registry fetch : false
2022-01-25 13:54:05.267  INFO 9588 --- [restartedMain] com.netflix.discovery.DiscoveryClient    : Application is null : false
2022-01-25 13:54:05.267  INFO 9588 --- [restartedMain] com.netflix.discovery.DiscoveryClient    : Registered Applications size is zero : true
2022-01-25 13:54:05.267  INFO 9588 --- [restartedMain] com.netflix.discovery.DiscoveryClient    : Application version is -1: true
2022-01-25 13:54:05.267  INFO 9588 --- [restartedMain] com.netflix.discovery.DiscoveryClient    : Getting all instance registry info from the eureka server
2022-01-25 13:54:06.093  INFO 9588 --- [restartedMain] com.netflix.discovery.DiscoveryClient    : The response status is 200
2022-01-25 13:54:06.101  INFO 9588 --- [restartedMain] com.netflix.discovery.DiscoveryClient    : Starting heartbeat executor: renew interval is: 30
2022-01-25 13:54:06.103  INFO 9588 --- [restartedMain] c.n.discovery.InstanceInfoReplicator     : InstanceInfoReplicator onDemand update allowed rate per min is 4
2022-01-25 13:54:06.113  INFO 9588 --- [restartedMain] com.netflix.discovery.DiscoveryClient    : Discovery Client initialized at timestamp 1643079246111 with initial instances count: 0
2022-01-25 13:54:06.113  INFO 9588 --- [restartedMain] o.s.c.n.e.s.EurekaServiceRegistry        : Registering application ALBUMS-WS with eureka with status UP
2022-01-25 13:54:06.113  INFO 9588 --- [restartedMain] com.netflix.discovery.DiscoveryClient    : Saw local status change event StatusChangeEvent [timestamp=1643079246113, current=UP, previous=STARTING]
2022-01-25 13:54:06.123  INFO 9588 --- [DiscoveryClient-InstanceInfoReplicator-0] com.netflix.discovery.DiscoveryClient    : DiscoveryClient_ALBUMS-WS/albums-ws:16f7a6792c13c790a0c87a14d418d5f5: registering service...
2022-01-25 13:54:06.123  INFO 9588 --- [restartedMain] c.a.p.a.a.PhotoAppApiAlbumsApplication   : Started PhotoAppApiAlbumsApplication in 12.775 seconds (JVM running for 15.765)
2022-01-25 13:54:06.809  INFO 9588 --- [DiscoveryClient-InstanceInfoReplicator-0] com.netflix.discovery.DiscoveryClient    : DiscoveryClient_ALBUMS-WS/albums-ws:16f7a6792c13c790a0c87a14d418d5f5 - registration status: 204
2022-01-25 13:54:07.696  INFO 9588 --- [RMI TCP Connection(3)-192.168.1.108] o.a.c.c.C.[Tomcat].[localhost].[/]       : Initializing Spring DispatcherServlet 'dispatcherServlet'
2022-01-25 13:54:07.696  INFO 9588 --- [RMI TCP Connection(3)-192.168.1.108] o.s.web.servlet.DispatcherServlet        : Initializing Servlet 'dispatcherServlet'
2022-01-25 13:54:07.714  INFO 9588 --- [RMI TCP Connection(3)-192.168.1.108] o.s.web.servlet.DispatcherServlet        : Completed initialization in 18 ms
2022-01-25 13:54:36.120  INFO 9588 --- [DiscoveryClient-CacheRefreshExecutor-0] com.netflix.discovery.DiscoveryClient    : Disable delta property : false
2022-01-25 13:54:36.120  INFO 9588 --- [DiscoveryClient-CacheRefreshExecutor-0] com.netflix.discovery.DiscoveryClient    : Single vip registry refresh property : null
2022-01-25 13:54:36.121  INFO 9588 --- [DiscoveryClient-CacheRefreshExecutor-0] com.netflix.discovery.DiscoveryClient    : Force full registry fetch : false
2022-01-25 13:54:36.121  INFO 9588 --- [DiscoveryClient-CacheRefreshExecutor-0] com.netflix.discovery.DiscoveryClient    : Application is null : false
2022-01-25 13:54:36.121  INFO 9588 --- [DiscoveryClient-CacheRefreshExecutor-0] com.netflix.discovery.DiscoveryClient    : Registered Applications size is zero : true
2022-01-25 13:54:36.121  INFO 9588 --- [DiscoveryClient-CacheRefreshExecutor-0] com.netflix.discovery.DiscoveryClient    : Application version is -1: false
2022-01-25 13:54:36.121  INFO 9588 --- [DiscoveryClient-CacheRefreshExecutor-0] com.netflix.discovery.DiscoveryClient    : Getting all instance registry info from the eureka server
2022-01-25 13:54:36.179  INFO 9588 --- [DiscoveryClient-CacheRefreshExecutor-0] com.netflix.discovery.DiscoveryClient    : The response status is 200
2022-01-25 13:59:05.296  INFO 9588 --- [AsyncResolver-bootstrap-executor-0] c.n.d.s.r.aws.ConfigClusterResolver      : Resolving eureka endpoints via configuration
2022-01-25 14:04:05.314  INFO 9588 --- [AsyncResolver-bootstrap-executor-0] c.n.d.s.r.aws.ConfigClusterResolver      : Resolving eureka endpoints via configuration
2022-01-25 14:09:05.343  INFO 9588 --- [AsyncResolver-bootstrap-executor-0] c.n.d.s.r.aws.ConfigClusterResolver      : Resolving eureka endpoints via configuration
2022-01-25 14:14:05.346  INFO 9588 --- [AsyncResolver-bootstrap-executor-0] c.n.d.s.r.aws.ConfigClusterResolver      : Resolving eureka endpoints via configuration
2022-01-25 14:19:05.350  INFO 9588 --- [AsyncResolver-bootstrap-executor-0] c.n.d.s.r.aws.ConfigClusterResolver      : Resolving eureka endpoints via configuration
2022-01-25 14:24:05.355  INFO 9588 --- [AsyncResolver-bootstrap-executor-0] c.n.d.s.r.aws.ConfigClusterResolver      : Resolving eureka endpoints via configuration
2022-01-25 14:27:23.913  INFO 9588 --- [http-nio-auto-1-exec-6] c.a.p.a.a.i.c.AlbumsController           : Returning 2 albums
2022-01-25 14:27:37.128  INFO 9588 --- [http-nio-auto-1-exec-10] c.a.p.a.a.i.c.AlbumsController           : Returning 2 albums
2022-01-25 14:27:54.158  INFO 9588 --- [Thread-34] o.s.c.n.e.s.EurekaServiceRegistry        : Unregistering application ALBUMS-WS with eureka with status DOWN
2022-01-25 14:27:54.158  WARN 9588 --- [Thread-34] com.netflix.discovery.DiscoveryClient    : Saw local status change event StatusChangeEvent [timestamp=1643081274158, current=DOWN, previous=UP]
2022-01-25 14:27:54.178  INFO 9588 --- [DiscoveryClient-InstanceInfoReplicator-0] com.netflix.discovery.DiscoveryClient    : DiscoveryClient_ALBUMS-WS/albums-ws:16f7a6792c13c790a0c87a14d418d5f5: registering service...
2022-01-25 14:27:54.317  INFO 9588 --- [DiscoveryClient-InstanceInfoReplicator-0] com.netflix.discovery.DiscoveryClient    : DiscoveryClient_ALBUMS-WS/albums-ws:16f7a6792c13c790a0c87a14d418d5f5 - registration status: 204
2022-01-25 14:27:54.438  INFO 9588 --- [Thread-34] o.s.s.concurrent.ThreadPoolTaskExecutor  : Shutting down ExecutorService 'applicationTaskExecutor'
2022-01-25 14:27:54.458  INFO 9588 --- [Thread-34] com.netflix.discovery.DiscoveryClient    : Shutting down DiscoveryClient ...
2022-01-25 14:27:57.505  INFO 9588 --- [Thread-34] com.netflix.discovery.DiscoveryClient    : Unregistering ...
2022-01-25 14:27:57.541  INFO 9588 --- [Thread-34] com.netflix.discovery.DiscoveryClient    : DiscoveryClient_ALBUMS-WS/albums-ws:16f7a6792c13c790a0c87a14d418d5f5 - deregister  status: 200
2022-01-25 14:27:57.570  INFO 9588 --- [Thread-34] com.netflix.discovery.DiscoveryClient    : Completed shut down of DiscoveryClient
